<?xml version="1.0" encoding="UTF-8"?>
<robot generator="Robot 5.0.1 (Python 3.10.5 on win32)" generated="20220713 15:59:10.294" rpa="false" schemaversion="3">
<suite id="s1" name="Hello" source="C:\Users\leyen\Documents\Projetos\twp-appium-tests\hello.robot">
<test id="s1-t1" name="Deve retornar mensagem de boas vindas" line="5">
<kw name="Hello Robot" library="hello">
<var>${resultado}</var>
<arg>Joao Vinaud</arg>
<msg timestamp="20220713 15:59:10.357" level="INFO">${resultado} = Olá, Joao Vinaud.</msg>
<status status="PASS" starttime="20220713 15:59:10.355" endtime="20220713 15:59:10.357"/>
</kw>
<kw name="Should Be Equal" library="BuiltIn">
<arg>${resultado}</arg>
<arg>Olá, Joao Vinaud.</arg>
<doc>Fails if the given objects are unequal.</doc>
<status status="PASS" starttime="20220713 15:59:10.359" endtime="20220713 15:59:10.360"/>
</kw>
<status status="PASS" starttime="20220713 15:59:10.353" endtime="20220713 15:59:10.360"/>
</test>
<status status="PASS" starttime="20220713 15:59:10.296" endtime="20220713 15:59:10.363"/>
</suite>
<statistics>
<total>
<stat pass="1" fail="0" skip="0">All Tests</stat>
</total>
<tag>
</tag>
<suite>
<stat pass="1" fail="0" skip="0" id="s1" name="Hello">Hello</stat>
</suite>
</statistics>
<errors>
</errors>
</robot>
